<?xml version="1.0" encoding="UTF-8"?>
<!-- Generated by org.testng.reporters.JUnitReportReporter -->
<testsuite skipped="0" hostname="LAPTOP-QBRMPJTJ" name="com.todolist.testcase.TC_TodoTest_CreateTask_001" tests="1" failures="0" timestamp="2021-01-22T18:04:58 IST" time="5.962" errors="0">
  <testcase name="todoTest" time="5.962" classname="com.todolist.testcase.TC_TodoTest_CreateTask_001"/>
</testsuite> <!-- com.todolist.testcase.TC_TodoTest_CreateTask_001 -->
