<?xml version="1.0" encoding="UTF-8"?>
<!-- Generated by org.testng.reporters.JUnitReportReporter -->
<testsuite skipped="0" hostname="LAPTOP-QBRMPJTJ" name="com.todolist.testcase.TC_TodoTest_CancelTask_002" tests="1" failures="0" timestamp="2021-01-22T18:04:58 IST" time="4.976" errors="0">
  <testcase name="todoTest" time="4.976" classname="com.todolist.testcase.TC_TodoTest_CancelTask_002"/>
</testsuite> <!-- com.todolist.testcase.TC_TodoTest_CancelTask_002 -->
