<?xml version="1.0" encoding="UTF-8"?>
<!-- Generated by org.testng.reporters.JUnitReportReporter -->
<testsuite skipped="0" hostname="LAPTOP-QBRMPJTJ" name="com.todolist.testcase.TC_TodoTest_002" tests="1" failures="0" timestamp="2021-01-22T12:22:29 IST" time="7.453" errors="0">
  <testcase name="todoTest" time="7.453" classname="com.todolist.testcase.TC_TodoTest_002"/>
</testsuite> <!-- com.todolist.testcase.TC_TodoTest_002 -->
